[DEBUG][2018-01-23 16:00:15,236][net.sf.jasperreports.engine.fill.BaseReportFiller]Fill 1: created for Report
[DEBUG][2018-01-23 16:00:15,265][net.sf.jasperreports.engine.fill.BaseReportFiller]created delayed actions 1 for filler 1
[DEBUG][2018-01-23 16:00:15,267][net.sf.jasperreports.extensions.ExtensionsEnvironment]Instantiating extensions registry class net.sf.jasperreports.extensions.DefaultExtensionsRegistry
[DEBUG][2018-01-23 16:00:15,268][net.sf.jasperreports.extensions.DefaultExtensionsRegistry]Loading registries for cache key sun.misc.Launcher$AppClassLoader@135fbaa4
[DEBUG][2018-01-23 16:00:15,269][net.sf.jasperreports.engine.util.JRLoader]Found resource jasperreports_extension.properties at jar:file:/Users/qiaoyunlai/.m2/repository/net/sourceforge/dynamicreports/dynamicreports-core/5.0.0/dynamicreports-core-5.0.0.jar!/jasperreports_extension.properties in classloader sun.misc.Launcher$AppClassLoader@135fbaa4
[DEBUG][2018-01-23 16:00:15,270][net.sf.jasperreports.engine.util.JRLoader]Found resource jasperreports_extension.properties at jar:file:/Users/qiaoyunlai/.m2/repository/net/sf/jasperreports/jasperreports/6.4.0/jasperreports-6.4.0.jar!/jasperreports_extension.properties in classloader sun.misc.Launcher$AppClassLoader@135fbaa4
[DEBUG][2018-01-23 16:00:15,270][net.sf.jasperreports.extensions.DefaultExtensionsRegistry]Loading JasperReports extension properties resource jar:file:/Users/qiaoyunlai/.m2/repository/net/sourceforge/dynamicreports/dynamicreports-core/5.0.0/dynamicreports-core-5.0.0.jar!/jasperreports_extension.properties
[DEBUG][2018-01-23 16:00:15,271][net.sf.jasperreports.extensions.DefaultExtensionsRegistry]Instantiating registry of type net.sf.dynamicreports.jasper.base.JasperSystemFontExtensionsRegistryFactory for property net.sf.jasperreports.extension.registry.factory.system.font.families
[DEBUG][2018-01-23 16:00:15,271][net.sf.jasperreports.extensions.DefaultExtensionsRegistry]Instantiating extensions registry for system.font.families using factory class net.sf.dynamicreports.jasper.base.JasperSystemFontExtensionsRegistryFactory
[DEBUG][2018-01-23 16:00:15,272][net.sf.jasperreports.extensions.DefaultExtensionsRegistry]Loading JasperReports extension properties resource jar:file:/Users/qiaoyunlai/.m2/repository/net/sf/jasperreports/jasperreports/6.4.0/jasperreports-6.4.0.jar!/jasperreports_extension.properties
[DEBUG][2018-01-23 16:00:15,274][net.sf.jasperreports.extensions.DefaultExtensionsRegistry]Instantiating registry of type net.sf.jasperreports.components.headertoolbar.HeaderToolbarParameterContributorExtensionFactory for property net.sf.jasperreports.extension.registry.factory.header.toolbar.parameter.contributor
[DEBUG][2018-01-23 16:00:15,274][net.sf.jasperreports.extensions.DefaultExtensionsRegistry]Instantiating extensions registry for header.toolbar.parameter.contributor using factory class net.sf.jasperreports.components.headertoolbar.HeaderToolbarParameterContributorExtensionFactory
[DEBUG][2018-01-23 16:00:15,275][net.sf.jasperreports.extensions.DefaultExtensionsRegistry]Instantiating registry of type net.sf.jasperreports.types.date.DateRangeQueryClauseExtensions for property net.sf.jasperreports.extension.registry.factory.date.range.clause.functions
[DEBUG][2018-01-23 16:00:15,275][net.sf.jasperreports.extensions.DefaultExtensionsRegistry]Instantiating extensions registry for date.range.clause.functions using factory class net.sf.jasperreports.types.date.DateRangeQueryClauseExtensions
[DEBUG][2018-01-23 16:00:15,279][net.sf.jasperreports.extensions.DefaultExtensionsRegistry]Instantiating registry of type net.sf.jasperreports.repo.DefaultRepositoryExtensionsRegistryFactory for property net.sf.jasperreports.extension.registry.factory.repository
[DEBUG][2018-01-23 16:00:15,279][net.sf.jasperreports.extensions.DefaultExtensionsRegistry]Instantiating extensions registry for repository using factory class net.sf.jasperreports.repo.DefaultRepositoryExtensionsRegistryFactory
[DEBUG][2018-01-23 16:00:15,282][net.sf.jasperreports.extensions.DefaultExtensionsRegistry]Instantiating registry of type net.sf.jasperreports.parts.PartComponentsExtensionsRegistryFactory for property net.sf.jasperreports.extension.registry.factory.parts
[DEBUG][2018-01-23 16:00:15,282][net.sf.jasperreports.extensions.DefaultExtensionsRegistry]Instantiating extensions registry for parts using factory class net.sf.jasperreports.parts.PartComponentsExtensionsRegistryFactory
[DEBUG][2018-01-23 16:00:15,285][net.sf.jasperreports.extensions.DefaultExtensionsRegistry]Instantiating registry of type net.sf.jasperreports.web.util.ContentTypeMappingExtensionsRegistryFactory for property net.sf.jasperreports.extension.registry.factory.content.type.mapping
[DEBUG][2018-01-23 16:00:15,285][net.sf.jasperreports.extensions.DefaultExtensionsRegistry]Instantiating extensions registry for content.type.mapping using factory class net.sf.jasperreports.web.util.ContentTypeMappingExtensionsRegistryFactory
[DEBUG][2018-01-23 16:00:15,286][net.sf.jasperreports.extensions.DefaultExtensionsRegistry]Instantiating registry of type net.sf.jasperreports.engine.fonts.SimpleFontExtensionsRegistryFactory for property net.sf.jasperreports.extension.registry.factory.simple.font.families
[DEBUG][2018-01-23 16:00:15,286][net.sf.jasperreports.extensions.DefaultExtensionsRegistry]Instantiating extensions registry for simple.font.families using factory class net.sf.jasperreports.engine.fonts.SimpleFontExtensionsRegistryFactory
[DEBUG][2018-01-23 16:00:15,287][net.sf.jasperreports.extensions.DefaultExtensionsRegistry]Instantiating registry of type net.sf.jasperreports.data.DefaultDataAdapterServiceExtensionsRegistryFactory for property net.sf.jasperreports.extension.registry.factory.data.adapter.services
[DEBUG][2018-01-23 16:00:15,287][net.sf.jasperreports.extensions.DefaultExtensionsRegistry]Instantiating extensions registry for data.adapter.services using factory class net.sf.jasperreports.data.DefaultDataAdapterServiceExtensionsRegistryFactory
[DEBUG][2018-01-23 16:00:15,288][net.sf.jasperreports.extensions.DefaultExtensionsRegistry]Instantiating registry of type net.sf.jasperreports.web.util.WebResourceHandlersExtensionRegistryFactory for property net.sf.jasperreports.extension.registry.factory.jive.web.resource.handlers
[DEBUG][2018-01-23 16:00:15,289][net.sf.jasperreports.extensions.DefaultExtensionsRegistry]Instantiating extensions registry for jive.web.resource.handlers using factory class net.sf.jasperreports.web.util.WebResourceHandlersExtensionRegistryFactory
[DEBUG][2018-01-23 16:00:15,289][net.sf.jasperreports.extensions.DefaultExtensionsRegistry]Instantiating registry of type net.sf.jasperreports.util.CastorMappingExtensionsRegistryFactory for property net.sf.jasperreports.extension.registry.factory.castor.mapping
[DEBUG][2018-01-23 16:00:15,290][net.sf.jasperreports.extensions.DefaultExtensionsRegistry]Instantiating extensions registry for castor.mapping using factory class net.sf.jasperreports.util.CastorMappingExtensionsRegistryFactory
[DEBUG][2018-01-23 16:00:15,290][net.sf.jasperreports.extensions.DefaultExtensionsRegistry]Instantiating registry of type net.sf.jasperreports.engine.export.MatcherExportFilterMappingExtensionsRegistryFactory for property net.sf.jasperreports.extension.registry.factory.matcher.exporter.filter.mapping
[DEBUG][2018-01-23 16:00:15,291][net.sf.jasperreports.extensions.DefaultExtensionsRegistry]Instantiating extensions registry for matcher.exporter.filter.mapping using factory class net.sf.jasperreports.engine.export.MatcherExportFilterMappingExtensionsRegistryFactory
[DEBUG][2018-01-23 16:00:15,292][net.sf.jasperreports.extensions.DefaultExtensionsRegistry]Instantiating registry of type net.sf.jasperreports.governors.GovernorExtensionsRegistryFactory for property net.sf.jasperreports.extension.registry.factory.governor
[DEBUG][2018-01-23 16:00:15,292][net.sf.jasperreports.extensions.DefaultExtensionsRegistry]Instantiating extensions registry for governor using factory class net.sf.jasperreports.governors.GovernorExtensionsRegistryFactory
[DEBUG][2018-01-23 16:00:15,293][net.sf.jasperreports.extensions.DefaultExtensionsRegistry]Instantiating registry of type net.sf.jasperreports.web.util.RequirejsModuleMappingExtensionsRegistryFactory for property net.sf.jasperreports.extension.registry.factory.requirejs.module.mapping
[DEBUG][2018-01-23 16:00:15,293][net.sf.jasperreports.extensions.DefaultExtensionsRegistry]Instantiating extensions registry for requirejs.module.mapping using factory class net.sf.jasperreports.web.util.RequirejsModuleMappingExtensionsRegistryFactory
[DEBUG][2018-01-23 16:00:15,294][net.sf.jasperreports.extensions.DefaultExtensionsRegistry]Instantiating registry of type net.sf.jasperreports.engine.query.SQLQueryClauseFunctionsExtensions for property net.sf.jasperreports.extension.registry.factory.sql.clause.functions
[DEBUG][2018-01-23 16:00:15,295][net.sf.jasperreports.extensions.DefaultExtensionsRegistry]Instantiating extensions registry for sql.clause.functions using factory class net.sf.jasperreports.engine.query.SQLQueryClauseFunctionsExtensions
[DEBUG][2018-01-23 16:00:15,299][net.sf.jasperreports.extensions.DefaultExtensionsRegistry]Instantiating registry of type net.sf.jasperreports.data.DataAdapterParameterContributorExtensionsRegistryFactory for property net.sf.jasperreports.extension.registry.factory.parameter.contributor.data.adapter
[DEBUG][2018-01-23 16:00:15,300][net.sf.jasperreports.extensions.DefaultExtensionsRegistry]Instantiating extensions registry for parameter.contributor.data.adapter using factory class net.sf.jasperreports.data.DataAdapterParameterContributorExtensionsRegistryFactory
[DEBUG][2018-01-23 16:00:15,301][net.sf.jasperreports.extensions.DefaultExtensionsRegistry]Instantiating registry of type net.sf.jasperreports.engine.style.PropertyStyleProviderExtensionFactory for property net.sf.jasperreports.extension.registry.factory.property.style.provider
[DEBUG][2018-01-23 16:00:15,301][net.sf.jasperreports.extensions.DefaultExtensionsRegistry]Instantiating extensions registry for property.style.provider using factory class net.sf.jasperreports.engine.style.PropertyStyleProviderExtensionFactory
[DEBUG][2018-01-23 16:00:15,303][net.sf.jasperreports.extensions.DefaultExtensionsRegistry]Instantiating registry of type net.sf.jasperreports.web.util.JacksonMappingExtensionsRegistryFactory for property net.sf.jasperreports.extension.registry.factory.jackson.mapping
[DEBUG][2018-01-23 16:00:15,303][net.sf.jasperreports.extensions.DefaultExtensionsRegistry]Instantiating extensions registry for jackson.mapping using factory class net.sf.jasperreports.web.util.JacksonMappingExtensionsRegistryFactory
[DEBUG][2018-01-23 16:00:15,304][net.sf.jasperreports.extensions.DefaultExtensionsRegistry]Instantiating registry of type net.sf.jasperreports.extensions.DefaultExtensionsRegistryFactory for property net.sf.jasperreports.extension.registry.factory.default
[DEBUG][2018-01-23 16:00:15,304][net.sf.jasperreports.extensions.DefaultExtensionsRegistry]Instantiating extensions registry for default using factory class net.sf.jasperreports.extensions.DefaultExtensionsRegistryFactory
[DEBUG][2018-01-23 16:00:15,306][net.sf.jasperreports.extensions.DefaultExtensionsRegistry]Instantiating registry of type net.sf.jasperreports.components.ComponentsExtensionsRegistryFactory for property net.sf.jasperreports.extension.registry.factory.components
[DEBUG][2018-01-23 16:00:15,306][net.sf.jasperreports.extensions.DefaultExtensionsRegistry]Instantiating extensions registry for components using factory class net.sf.jasperreports.components.ComponentsExtensionsRegistryFactory
[DEBUG][2018-01-23 16:00:15,321][net.sf.jasperreports.extensions.DefaultExtensionsRegistry]Instantiating registry of type net.sf.jasperreports.components.headertoolbar.HeaderToolbarConditionalStyleProviderExtensionFactory for property net.sf.jasperreports.extension.registry.factory.header.toolbar.style.provider
[DEBUG][2018-01-23 16:00:15,321][net.sf.jasperreports.extensions.DefaultExtensionsRegistry]Instantiating extensions registry for header.toolbar.style.provider using factory class net.sf.jasperreports.components.headertoolbar.HeaderToolbarConditionalStyleProviderExtensionFactory
[DEBUG][2018-01-23 16:00:15,340][net.sf.jasperreports.engine.fonts.FontExtensionsRegistry]Loading font extensions from fonts.xml
[DEBUG][2018-01-23 16:00:15,354][net.sf.jasperreports.engine.fonts.SimpleFontExtensionHelper]Parsing font family SansSerif
[DEBUG][2018-01-23 16:00:15,355][net.sf.jasperreports.engine.fonts.SimpleFontExtensionHelper]Parsing font family Serif
[DEBUG][2018-01-23 16:00:15,355][net.sf.jasperreports.engine.fonts.SimpleFontExtensionHelper]Parsing font family Monospaced
[DEBUG][2018-01-23 16:00:15,356][net.sf.jasperreports.engine.fonts.FontExtensionsRegistry]Loading font extensions from net/sf/jasperreports/fonts/jasperreports-fonts.xml
[DEBUG][2018-01-23 16:00:15,357][net.sf.jasperreports.engine.fonts.SimpleFontExtensionHelper]Parsing font family Pictonic
[DEBUG][2018-01-23 16:00:15,358][net.sf.jasperreports.engine.fonts.SimpleFontFace]Loading font net/sf/jasperreports/fonts/pictonic/pictonic.ttf
[DEBUG][2018-01-23 16:00:15,381][net.sf.jasperreports.engine.fill.JRFillBand]Origin {reportName: null, groupName: null,bandType: TITLE} for band 1423983012
[DEBUG][2018-01-23 16:00:15,382][net.sf.jasperreports.engine.fill.JRFillBand]Origin {reportName: null, groupName: null,bandType: DETAIL} for band 405896924
[DEBUG][2018-01-23 16:00:15,384][net.sf.jasperreports.engine.fill.JRVerticalFiller]Filler 1 - pageHeight: 842, columnFooterOffsetY: 832, lastPageColumnFooterOffsetY: 832
[DEBUG][2018-01-23 16:00:15,384][net.sf.jasperreports.engine.fill.JRBaseFiller]Fill 1: filling report
[DEBUG][2018-01-23 16:00:15,394][net.sf.jasperreports.engine.util.DeduplicableRegistry]Added object net.sf.jasperreports.engine.base.JRBaseStyle@1ec9bd38
[DEBUG][2018-01-23 16:00:15,394][net.sf.jasperreports.engine.util.DeduplicableRegistry]Added object net.sf.jasperreports.engine.base.JRBaseStyle@452e19ca
[DEBUG][2018-01-23 16:00:15,395][net.sf.jasperreports.engine.fill.JRVerticalFiller]Fill 1: no data
[DEBUG][2018-01-23 16:00:15,396][net.sf.jasperreports.engine.fill.JRVerticalFiller]Fill 1: all sections
[DEBUG][2018-01-23 16:00:15,397][net.sf.jasperreports.engine.fill.JRBaseFiller]Fill 1: adding page 1
[DEBUG][2018-01-23 16:00:15,398][net.sf.jasperreports.engine.fill.JRVerticalFiller]Fill 1: title at 10
[DEBUG][2018-01-23 16:00:15,404][net.sf.jasperreports.engine.util.DeduplicableRegistry]Added object net.sf.jasperreports.engine.fill.JRTemplateImage@19b89d4
[DEBUG][2018-01-23 16:00:15,410][net.sf.jasperreports.engine.fill.DelayedFillActions]1 running delayed actions on {type: BAND, group: null, band: 1423983012}
[DEBUG][2018-01-23 16:00:15,411][net.sf.jasperreports.engine.fill.DelayedFillActions]1 running delayed actions on {type: BAND, group: null, band: 405896924}
[DEBUG][2018-01-23 16:00:15,411][net.sf.jasperreports.engine.fill.DelayedFillActions]1 running delayed actions on {type: BAND, group: null, band: 405896924}
[DEBUG][2018-01-23 16:00:15,411][net.sf.jasperreports.engine.fill.DelayedFillActions]1 running delayed actions on {type: BAND, group: null, band: 405896924}
[DEBUG][2018-01-23 16:00:15,411][net.sf.jasperreports.engine.fill.DelayedFillActions]1 running delayed actions on {type: BAND, group: null, band: 405896924}
[DEBUG][2018-01-23 16:00:15,412][net.sf.jasperreports.engine.fill.DelayedFillActions]1 running delayed actions on {type: COLUMN, group: null, band: 0}
[DEBUG][2018-01-23 16:00:15,412][net.sf.jasperreports.engine.fill.DelayedFillActions]1 running delayed actions on {type: PAGE, group: null, band: 0}
[DEBUG][2018-01-23 16:00:15,412][net.sf.jasperreports.engine.fill.DelayedFillActions]1 running delayed actions on {type: REPORT, group: null, band: 0}
[DEBUG][2018-01-23 16:00:15,412][net.sf.jasperreports.engine.fill.DelayedFillActions]1 running delayed actions on {type: MASTER, group: null, band: 0}
[DEBUG][2018-01-23 16:00:15,412][net.sf.jasperreports.engine.fill.JRBaseFiller]Fill 1: ended
[DEBUG][2018-01-23 16:00:15,669][net.sf.jasperreports.engine.export.JRPdfExporter]glyph renderer block DEVANAGARI
[DEBUG][2018-01-23 16:00:15,669][net.sf.jasperreports.engine.export.JRPdfExporter]glyph renderer block BENGALI
[DEBUG][2018-01-23 16:00:15,669][net.sf.jasperreports.engine.export.JRPdfExporter]glyph renderer block TELUGU
[DEBUG][2018-01-23 16:00:15,669][net.sf.jasperreports.engine.export.JRPdfExporter]glyph renderer block TAMIL
[DEBUG][2018-01-23 16:00:15,670][net.sf.jasperreports.engine.export.JRPdfExporter]glyph renderer block GUJARATI
[DEBUG][2018-01-23 16:00:15,670][net.sf.jasperreports.engine.export.JRPdfExporter]glyph renderer block KANNADA
[DEBUG][2018-01-23 16:00:15,670][net.sf.jasperreports.engine.export.JRPdfExporter]glyph renderer block MALAYALAM
[DEBUG][2018-01-23 16:00:15,670][net.sf.jasperreports.engine.export.JRPdfExporter]glyph renderer block ORIYA
[DEBUG][2018-01-23 16:00:15,670][net.sf.jasperreports.engine.export.JRPdfExporter]glyph renderer block GURMUKHI
[DEBUG][2018-01-23 16:00:15,670][net.sf.jasperreports.engine.export.JRPdfExporter]glyph renderer block SINHALA
[DEBUG][2018-01-23 16:00:15,671][net.sf.jasperreports.engine.export.JRPdfExporter]glyph renderer block TIBETAN
[DEBUG][2018-01-23 16:00:15,671][net.sf.jasperreports.engine.export.JRPdfExporter]glyph renderer block KHMER
[DEBUG][2018-01-23 16:06:37,336][net.sf.jasperreports.engine.fill.BaseReportFiller]Fill 1: created for Report
[DEBUG][2018-01-23 16:06:37,366][net.sf.jasperreports.engine.fill.BaseReportFiller]created delayed actions 1 for filler 1
[DEBUG][2018-01-23 16:06:37,368][net.sf.jasperreports.extensions.ExtensionsEnvironment]Instantiating extensions registry class net.sf.jasperreports.extensions.DefaultExtensionsRegistry
[DEBUG][2018-01-23 16:06:37,370][net.sf.jasperreports.extensions.DefaultExtensionsRegistry]Loading registries for cache key sun.misc.Launcher$AppClassLoader@135fbaa4
[DEBUG][2018-01-23 16:06:37,370][net.sf.jasperreports.engine.util.JRLoader]Found resource jasperreports_extension.properties at jar:file:/Users/qiaoyunlai/.m2/repository/net/sourceforge/dynamicreports/dynamicreports-core/5.0.0/dynamicreports-core-5.0.0.jar!/jasperreports_extension.properties in classloader sun.misc.Launcher$AppClassLoader@135fbaa4
[DEBUG][2018-01-23 16:06:37,371][net.sf.jasperreports.engine.util.JRLoader]Found resource jasperreports_extension.properties at jar:file:/Users/qiaoyunlai/.m2/repository/net/sf/jasperreports/jasperreports/6.4.0/jasperreports-6.4.0.jar!/jasperreports_extension.properties in classloader sun.misc.Launcher$AppClassLoader@135fbaa4
[DEBUG][2018-01-23 16:06:37,372][net.sf.jasperreports.extensions.DefaultExtensionsRegistry]Loading JasperReports extension properties resource jar:file:/Users/qiaoyunlai/.m2/repository/net/sourceforge/dynamicreports/dynamicreports-core/5.0.0/dynamicreports-core-5.0.0.jar!/jasperreports_extension.properties
[DEBUG][2018-01-23 16:06:37,373][net.sf.jasperreports.extensions.DefaultExtensionsRegistry]Instantiating registry of type net.sf.dynamicreports.jasper.base.JasperSystemFontExtensionsRegistryFactory for property net.sf.jasperreports.extension.registry.factory.system.font.families
[DEBUG][2018-01-23 16:06:37,373][net.sf.jasperreports.extensions.DefaultExtensionsRegistry]Instantiating extensions registry for system.font.families using factory class net.sf.dynamicreports.jasper.base.JasperSystemFontExtensionsRegistryFactory
[DEBUG][2018-01-23 16:06:37,375][net.sf.jasperreports.extensions.DefaultExtensionsRegistry]Loading JasperReports extension properties resource jar:file:/Users/qiaoyunlai/.m2/repository/net/sf/jasperreports/jasperreports/6.4.0/jasperreports-6.4.0.jar!/jasperreports_extension.properties
[DEBUG][2018-01-23 16:06:37,376][net.sf.jasperreports.extensions.DefaultExtensionsRegistry]Instantiating registry of type net.sf.jasperreports.components.headertoolbar.HeaderToolbarParameterContributorExtensionFactory for property net.sf.jasperreports.extension.registry.factory.header.toolbar.parameter.contributor
[DEBUG][2018-01-23 16:06:37,376][net.sf.jasperreports.extensions.DefaultExtensionsRegistry]Instantiating extensions registry for header.toolbar.parameter.contributor using factory class net.sf.jasperreports.components.headertoolbar.HeaderToolbarParameterContributorExtensionFactory
[DEBUG][2018-01-23 16:06:37,377][net.sf.jasperreports.extensions.DefaultExtensionsRegistry]Instantiating registry of type net.sf.jasperreports.types.date.DateRangeQueryClauseExtensions for property net.sf.jasperreports.extension.registry.factory.date.range.clause.functions
[DEBUG][2018-01-23 16:06:37,377][net.sf.jasperreports.extensions.DefaultExtensionsRegistry]Instantiating extensions registry for date.range.clause.functions using factory class net.sf.jasperreports.types.date.DateRangeQueryClauseExtensions
[DEBUG][2018-01-23 16:06:37,383][net.sf.jasperreports.extensions.DefaultExtensionsRegistry]Instantiating registry of type net.sf.jasperreports.repo.DefaultRepositoryExtensionsRegistryFactory for property net.sf.jasperreports.extension.registry.factory.repository
[DEBUG][2018-01-23 16:06:37,383][net.sf.jasperreports.extensions.DefaultExtensionsRegistry]Instantiating extensions registry for repository using factory class net.sf.jasperreports.repo.DefaultRepositoryExtensionsRegistryFactory
[DEBUG][2018-01-23 16:06:37,385][net.sf.jasperreports.extensions.DefaultExtensionsRegistry]Instantiating registry of type net.sf.jasperreports.parts.PartComponentsExtensionsRegistryFactory for property net.sf.jasperreports.extension.registry.factory.parts
[DEBUG][2018-01-23 16:06:37,385][net.sf.jasperreports.extensions.DefaultExtensionsRegistry]Instantiating extensions registry for parts using factory class net.sf.jasperreports.parts.PartComponentsExtensionsRegistryFactory
[DEBUG][2018-01-23 16:06:37,390][net.sf.jasperreports.extensions.DefaultExtensionsRegistry]Instantiating registry of type net.sf.jasperreports.web.util.ContentTypeMappingExtensionsRegistryFactory for property net.sf.jasperreports.extension.registry.factory.content.type.mapping
[DEBUG][2018-01-23 16:06:37,390][net.sf.jasperreports.extensions.DefaultExtensionsRegistry]Instantiating extensions registry for content.type.mapping using factory class net.sf.jasperreports.web.util.ContentTypeMappingExtensionsRegistryFactory
[DEBUG][2018-01-23 16:06:37,391][net.sf.jasperreports.extensions.DefaultExtensionsRegistry]Instantiating registry of type net.sf.jasperreports.engine.fonts.SimpleFontExtensionsRegistryFactory for property net.sf.jasperreports.extension.registry.factory.simple.font.families
[DEBUG][2018-01-23 16:06:37,391][net.sf.jasperreports.extensions.DefaultExtensionsRegistry]Instantiating extensions registry for simple.font.families using factory class net.sf.jasperreports.engine.fonts.SimpleFontExtensionsRegistryFactory
[DEBUG][2018-01-23 16:06:37,391][net.sf.jasperreports.extensions.DefaultExtensionsRegistry]Instantiating registry of type net.sf.jasperreports.data.DefaultDataAdapterServiceExtensionsRegistryFactory for property net.sf.jasperreports.extension.registry.factory.data.adapter.services
[DEBUG][2018-01-23 16:06:37,392][net.sf.jasperreports.extensions.DefaultExtensionsRegistry]Instantiating extensions registry for data.adapter.services using factory class net.sf.jasperreports.data.DefaultDataAdapterServiceExtensionsRegistryFactory
[DEBUG][2018-01-23 16:06:37,393][net.sf.jasperreports.extensions.DefaultExtensionsRegistry]Instantiating registry of type net.sf.jasperreports.web.util.WebResourceHandlersExtensionRegistryFactory for property net.sf.jasperreports.extension.registry.factory.jive.web.resource.handlers
[DEBUG][2018-01-23 16:06:37,393][net.sf.jasperreports.extensions.DefaultExtensionsRegistry]Instantiating extensions registry for jive.web.resource.handlers using factory class net.sf.jasperreports.web.util.WebResourceHandlersExtensionRegistryFactory
[DEBUG][2018-01-23 16:06:37,394][net.sf.jasperreports.extensions.DefaultExtensionsRegistry]Instantiating registry of type net.sf.jasperreports.util.CastorMappingExtensionsRegistryFactory for property net.sf.jasperreports.extension.registry.factory.castor.mapping
[DEBUG][2018-01-23 16:06:37,394][net.sf.jasperreports.extensions.DefaultExtensionsRegistry]Instantiating extensions registry for castor.mapping using factory class net.sf.jasperreports.util.CastorMappingExtensionsRegistryFactory
[DEBUG][2018-01-23 16:06:37,395][net.sf.jasperreports.extensions.DefaultExtensionsRegistry]Instantiating registry of type net.sf.jasperreports.engine.export.MatcherExportFilterMappingExtensionsRegistryFactory for property net.sf.jasperreports.extension.registry.factory.matcher.exporter.filter.mapping
[DEBUG][2018-01-23 16:06:37,396][net.sf.jasperreports.extensions.DefaultExtensionsRegistry]Instantiating extensions registry for matcher.exporter.filter.mapping using factory class net.sf.jasperreports.engine.export.MatcherExportFilterMappingExtensionsRegistryFactory
[DEBUG][2018-01-23 16:06:37,397][net.sf.jasperreports.extensions.DefaultExtensionsRegistry]Instantiating registry of type net.sf.jasperreports.governors.GovernorExtensionsRegistryFactory for property net.sf.jasperreports.extension.registry.factory.governor
[DEBUG][2018-01-23 16:06:37,397][net.sf.jasperreports.extensions.DefaultExtensionsRegistry]Instantiating extensions registry for governor using factory class net.sf.jasperreports.governors.GovernorExtensionsRegistryFactory
[DEBUG][2018-01-23 16:06:37,398][net.sf.jasperreports.extensions.DefaultExtensionsRegistry]Instantiating registry of type net.sf.jasperreports.web.util.RequirejsModuleMappingExtensionsRegistryFactory for property net.sf.jasperreports.extension.registry.factory.requirejs.module.mapping
[DEBUG][2018-01-23 16:06:37,398][net.sf.jasperreports.extensions.DefaultExtensionsRegistry]Instantiating extensions registry for requirejs.module.mapping using factory class net.sf.jasperreports.web.util.RequirejsModuleMappingExtensionsRegistryFactory
[DEBUG][2018-01-23 16:06:37,399][net.sf.jasperreports.extensions.DefaultExtensionsRegistry]Instantiating registry of type net.sf.jasperreports.engine.query.SQLQueryClauseFunctionsExtensions for property net.sf.jasperreports.extension.registry.factory.sql.clause.functions
[DEBUG][2018-01-23 16:06:37,399][net.sf.jasperreports.extensions.DefaultExtensionsRegistry]Instantiating extensions registry for sql.clause.functions using factory class net.sf.jasperreports.engine.query.SQLQueryClauseFunctionsExtensions
[DEBUG][2018-01-23 16:06:37,402][net.sf.jasperreports.extensions.DefaultExtensionsRegistry]Instantiating registry of type net.sf.jasperreports.data.DataAdapterParameterContributorExtensionsRegistryFactory for property net.sf.jasperreports.extension.registry.factory.parameter.contributor.data.adapter
[DEBUG][2018-01-23 16:06:37,403][net.sf.jasperreports.extensions.DefaultExtensionsRegistry]Instantiating extensions registry for parameter.contributor.data.adapter using factory class net.sf.jasperreports.data.DataAdapterParameterContributorExtensionsRegistryFactory
[DEBUG][2018-01-23 16:06:37,405][net.sf.jasperreports.extensions.DefaultExtensionsRegistry]Instantiating registry of type net.sf.jasperreports.engine.style.PropertyStyleProviderExtensionFactory for property net.sf.jasperreports.extension.registry.factory.property.style.provider
[DEBUG][2018-01-23 16:06:37,406][net.sf.jasperreports.extensions.DefaultExtensionsRegistry]Instantiating extensions registry for property.style.provider using factory class net.sf.jasperreports.engine.style.PropertyStyleProviderExtensionFactory
[DEBUG][2018-01-23 16:06:37,407][net.sf.jasperreports.extensions.DefaultExtensionsRegistry]Instantiating registry of type net.sf.jasperreports.web.util.JacksonMappingExtensionsRegistryFactory for property net.sf.jasperreports.extension.registry.factory.jackson.mapping
[DEBUG][2018-01-23 16:06:37,407][net.sf.jasperreports.extensions.DefaultExtensionsRegistry]Instantiating extensions registry for jackson.mapping using factory class net.sf.jasperreports.web.util.JacksonMappingExtensionsRegistryFactory
[DEBUG][2018-01-23 16:06:37,409][net.sf.jasperreports.extensions.DefaultExtensionsRegistry]Instantiating registry of type net.sf.jasperreports.extensions.DefaultExtensionsRegistryFactory for property net.sf.jasperreports.extension.registry.factory.default
[DEBUG][2018-01-23 16:06:37,409][net.sf.jasperreports.extensions.DefaultExtensionsRegistry]Instantiating extensions registry for default using factory class net.sf.jasperreports.extensions.DefaultExtensionsRegistryFactory
[DEBUG][2018-01-23 16:06:37,410][net.sf.jasperreports.extensions.DefaultExtensionsRegistry]Instantiating registry of type net.sf.jasperreports.components.ComponentsExtensionsRegistryFactory for property net.sf.jasperreports.extension.registry.factory.components
[DEBUG][2018-01-23 16:06:37,411][net.sf.jasperreports.extensions.DefaultExtensionsRegistry]Instantiating extensions registry for components using factory class net.sf.jasperreports.components.ComponentsExtensionsRegistryFactory
[DEBUG][2018-01-23 16:06:37,426][net.sf.jasperreports.extensions.DefaultExtensionsRegistry]Instantiating registry of type net.sf.jasperreports.components.headertoolbar.HeaderToolbarConditionalStyleProviderExtensionFactory for property net.sf.jasperreports.extension.registry.factory.header.toolbar.style.provider
[DEBUG][2018-01-23 16:06:37,427][net.sf.jasperreports.extensions.DefaultExtensionsRegistry]Instantiating extensions registry for header.toolbar.style.provider using factory class net.sf.jasperreports.components.headertoolbar.HeaderToolbarConditionalStyleProviderExtensionFactory
[DEBUG][2018-01-23 16:06:37,448][net.sf.jasperreports.engine.fonts.FontExtensionsRegistry]Loading font extensions from fonts.xml
[DEBUG][2018-01-23 16:06:37,465][net.sf.jasperreports.engine.fonts.SimpleFontExtensionHelper]Parsing font family SansSerif
[DEBUG][2018-01-23 16:06:37,466][net.sf.jasperreports.engine.fonts.SimpleFontExtensionHelper]Parsing font family Serif
[DEBUG][2018-01-23 16:06:37,466][net.sf.jasperreports.engine.fonts.SimpleFontExtensionHelper]Parsing font family Monospaced
[DEBUG][2018-01-23 16:06:37,467][net.sf.jasperreports.engine.fonts.FontExtensionsRegistry]Loading font extensions from net/sf/jasperreports/fonts/jasperreports-fonts.xml
[DEBUG][2018-01-23 16:06:37,469][net.sf.jasperreports.engine.fonts.SimpleFontExtensionHelper]Parsing font family Pictonic
[DEBUG][2018-01-23 16:06:37,471][net.sf.jasperreports.engine.fonts.SimpleFontFace]Loading font net/sf/jasperreports/fonts/pictonic/pictonic.ttf
[DEBUG][2018-01-23 16:06:37,498][net.sf.jasperreports.engine.fill.JRFillBand]Origin {reportName: null, groupName: null,bandType: TITLE} for band 1423983012
[DEBUG][2018-01-23 16:06:37,498][net.sf.jasperreports.engine.fill.JRFillBand]Origin {reportName: null, groupName: null,bandType: DETAIL} for band 405896924
[DEBUG][2018-01-23 16:06:37,501][net.sf.jasperreports.engine.fill.JRVerticalFiller]Filler 1 - pageHeight: 842, columnFooterOffsetY: 832, lastPageColumnFooterOffsetY: 832
[DEBUG][2018-01-23 16:06:37,502][net.sf.jasperreports.engine.fill.JRBaseFiller]Fill 1: filling report
[DEBUG][2018-01-23 16:06:37,513][net.sf.jasperreports.engine.util.DeduplicableRegistry]Added object net.sf.jasperreports.engine.base.JRBaseStyle@1ec9bd38
[DEBUG][2018-01-23 16:06:37,513][net.sf.jasperreports.engine.util.DeduplicableRegistry]Added object net.sf.jasperreports.engine.base.JRBaseStyle@452e19ca
[DEBUG][2018-01-23 16:06:37,514][net.sf.jasperreports.engine.fill.JRVerticalFiller]Fill 1: no data
[DEBUG][2018-01-23 16:06:37,514][net.sf.jasperreports.engine.fill.JRVerticalFiller]Fill 1: all sections
[DEBUG][2018-01-23 16:06:37,516][net.sf.jasperreports.engine.fill.JRBaseFiller]Fill 1: adding page 1
[DEBUG][2018-01-23 16:06:37,518][net.sf.jasperreports.engine.fill.JRVerticalFiller]Fill 1: title at 10
[DEBUG][2018-01-23 16:06:37,522][net.sf.jasperreports.engine.util.DeduplicableRegistry]Added object net.sf.jasperreports.engine.fill.JRTemplateImage@19b89d4
[DEBUG][2018-01-23 16:06:37,527][net.sf.jasperreports.engine.fill.DelayedFillActions]1 running delayed actions on {type: BAND, group: null, band: 1423983012}
[DEBUG][2018-01-23 16:06:37,530][net.sf.jasperreports.engine.fill.DelayedFillActions]1 running delayed actions on {type: BAND, group: null, band: 405896924}
[DEBUG][2018-01-23 16:06:37,530][net.sf.jasperreports.engine.fill.DelayedFillActions]1 running delayed actions on {type: BAND, group: null, band: 405896924}
[DEBUG][2018-01-23 16:06:37,531][net.sf.jasperreports.engine.fill.DelayedFillActions]1 running delayed actions on {type: BAND, group: null, band: 405896924}
[DEBUG][2018-01-23 16:06:37,531][net.sf.jasperreports.engine.fill.DelayedFillActions]1 running delayed actions on {type: BAND, group: null, band: 405896924}
[DEBUG][2018-01-23 16:06:37,531][net.sf.jasperreports.engine.fill.DelayedFillActions]1 running delayed actions on {type: COLUMN, group: null, band: 0}
[DEBUG][2018-01-23 16:06:37,532][net.sf.jasperreports.engine.fill.DelayedFillActions]1 running delayed actions on {type: PAGE, group: null, band: 0}
[DEBUG][2018-01-23 16:06:37,532][net.sf.jasperreports.engine.fill.DelayedFillActions]1 running delayed actions on {type: REPORT, group: null, band: 0}
[DEBUG][2018-01-23 16:06:37,532][net.sf.jasperreports.engine.fill.DelayedFillActions]1 running delayed actions on {type: MASTER, group: null, band: 0}
[DEBUG][2018-01-23 16:06:37,533][net.sf.jasperreports.engine.fill.JRBaseFiller]Fill 1: ended
[DEBUG][2018-01-23 16:06:37,838][net.sf.jasperreports.engine.export.JRPdfExporter]glyph renderer block DEVANAGARI
[DEBUG][2018-01-23 16:06:37,838][net.sf.jasperreports.engine.export.JRPdfExporter]glyph renderer block BENGALI
[DEBUG][2018-01-23 16:06:37,838][net.sf.jasperreports.engine.export.JRPdfExporter]glyph renderer block TELUGU
[DEBUG][2018-01-23 16:06:37,838][net.sf.jasperreports.engine.export.JRPdfExporter]glyph renderer block TAMIL
[DEBUG][2018-01-23 16:06:37,839][net.sf.jasperreports.engine.export.JRPdfExporter]glyph renderer block GUJARATI
[DEBUG][2018-01-23 16:06:37,839][net.sf.jasperreports.engine.export.JRPdfExporter]glyph renderer block KANNADA
[DEBUG][2018-01-23 16:06:37,839][net.sf.jasperreports.engine.export.JRPdfExporter]glyph renderer block MALAYALAM
[DEBUG][2018-01-23 16:06:37,839][net.sf.jasperreports.engine.export.JRPdfExporter]glyph renderer block ORIYA
[DEBUG][2018-01-23 16:06:37,839][net.sf.jasperreports.engine.export.JRPdfExporter]glyph renderer block GURMUKHI
[DEBUG][2018-01-23 16:06:37,839][net.sf.jasperreports.engine.export.JRPdfExporter]glyph renderer block SINHALA
[DEBUG][2018-01-23 16:06:37,839][net.sf.jasperreports.engine.export.JRPdfExporter]glyph renderer block TIBETAN
[DEBUG][2018-01-23 16:06:37,839][net.sf.jasperreports.engine.export.JRPdfExporter]glyph renderer block KHMER
